6/14/2025 4:31:21 PM [INFO]:  App started on process id:12892
6/14/2025 4:31:21 PM [INFO]:  Server is listening on port 3000
6/14/2025 4:31:42 PM [INFO]:  SIGINT signal received: closing HTTP server
6/14/2025 10:12:56 PM [INFO]:  App started on process id:22768
6/14/2025 10:16:11 PM [INFO]:  App started on process id:7400
6/14/2025 10:16:15 PM [INFO]:  SIGINT signal received: closing HTTP server
6/14/2025 10:17:04 PM [INFO]:  App started on process id:24624
6/14/2025 10:17:06 PM [INFO]:  SIGINT signal received: closing HTTP server
6/14/2025 10:21:36 PM [INFO]:  App started on process id:12528
6/14/2025 10:21:37 PM [INFO]:  SIGINT signal received: closing HTTP server
6/14/2025 10:25:45 PM [INFO]:  App started on process id:13284
6/14/2025 10:25:47 PM [INFO]:  Shutdown signal received: closing HTTP server
6/14/2025 10:27:47 PM [INFO]:  App started on process id:2344
6/14/2025 10:27:48 PM [INFO]:  Shutdown signal received: closing HTTP server
6/14/2025 10:29:24 PM [INFO]:  App started on process id:11496
6/14/2025 10:29:35 PM [INFO]:  Shutdown signal received: closing HTTP server
6/14/2025 10:30:10 PM [INFO]:  App started on process id:12424
6/14/2025 10:30:10 PM [INFO]:  Server is listening on port 3000
6/14/2025 10:30:11 PM [INFO]:  Shutdown signal received: closing HTTP server
6/14/2025 10:30:11 PM [INFO]:  HTTP server closed
6/14/2025 10:30:11 PM [INFO]:  Sequelize connection closed
6/14/2025 10:30:22 PM [INFO]:  App started on process id:23696
6/14/2025 10:30:22 PM [INFO]:  Server is listening on port 3000
6/14/2025 10:30:23 PM [INFO]:  Shutdown signal received: closing HTTP server
6/14/2025 10:30:23 PM [INFO]:  HTTP server closed
6/14/2025 10:30:23 PM [INFO]:  Sequelize connection closed
6/14/2025 10:32:10 PM [INFO]:  App started on process id:23628
6/14/2025 10:32:11 PM [INFO]:  Server is listening on port 3000
6/14/2025 10:32:12 PM [INFO]:  SIGINT signal received: closing HTTP server
6/14/2025 10:32:12 PM [INFO]:  HTTP server closed
6/14/2025 10:32:12 PM [INFO]:  Sequelize connection closed
6/14/2025 10:33:09 PM [INFO]:  App started on process id:14264
6/14/2025 10:33:09 PM [INFO]:  Server is listening on port 3000
6/14/2025 10:34:38 PM [INFO]:  App started on process id:16408
6/14/2025 10:34:38 PM [INFO]:  Server is listening on port 3000
6/14/2025 10:35:18 PM [INFO]:  App started on process id:24880
6/14/2025 10:35:18 PM [INFO]:  Server is listening on port 3000
6/14/2025 10:35:20 PM [INFO]:  SIGINT signal received: closing HTTP server
6/14/2025 10:35:20 PM [INFO]:  HTTP server closed
6/14/2025 10:35:20 PM [INFO]:  Sequelize connection closed
6/14/2025 10:35:31 PM [INFO]:  App started on process id:19900
6/14/2025 10:35:31 PM [INFO]:  Server is listening on port 3000
6/14/2025 10:36:41 PM [INFO]:  App started on process id:8984
6/14/2025 10:36:42 PM [INFO]:  Server is listening on port 3000
6/14/2025 10:37:38 PM [INFO]:  App started on process id:19160
6/14/2025 10:37:38 PM [INFO]:  Server is listening on port 3000
6/14/2025 10:40:47 PM [INFO]:  App started on process id:9276
6/14/2025 10:40:48 PM [INFO]:  Server is listening on port 3000
6/14/2025 10:41:59 PM [INFO]:  SIGINT signal received: closing HTTP server
6/14/2025 10:41:59 PM [INFO]:  HTTP server closed
6/14/2025 10:41:59 PM [INFO]:  Sequelize connection closed
6/14/2025 10:46:42 PM [INFO]:  App started on process id:10200
6/14/2025 10:46:43 PM [INFO]:  Server is listening on port 3000
6/14/2025 10:47:32 PM [INFO]:  SIGINT signal received: closing HTTP server
6/14/2025 10:47:32 PM [INFO]:  HTTP server closed
6/14/2025 10:47:32 PM [INFO]:  Sequelize connection closed
6/14/2025 10:48:51 PM [INFO]:  App started on process id:24164
6/14/2025 10:48:52 PM [INFO]:  Server is listening on port 3000
6/14/2025 10:49:21 PM [INFO]:  SIGINT signal received: closing HTTP server
6/14/2025 10:49:21 PM [INFO]:  HTTP server closed
6/14/2025 10:49:21 PM [INFO]:  Sequelize connection closed
6/14/2025 10:56:35 PM [INFO]:  App started on process id:24256
6/14/2025 10:56:43 PM [INFO]:  SIGINT signal received: closing HTTP server
6/14/2025 10:57:17 PM [INFO]:  App started on process id:9632
6/14/2025 10:57:18 PM [INFO]:  Server is listening on port 3000
6/14/2025 10:58:49 PM [INFO]:  App started on process id:25284
6/14/2025 10:58:49 PM [INFO]:  Server is listening on port 3000
6/14/2025 10:58:57 PM [INFO]:  SIGINT signal received: closing HTTP server
6/14/2025 10:58:57 PM [INFO]:  HTTP server closed
6/14/2025 10:58:57 PM [INFO]:  Sequelize connection closed
6/14/2025 10:59:01 PM [INFO]:  App started on process id:7276
6/14/2025 10:59:01 PM [INFO]:  Server is listening on port 3000
6/14/2025 11:01:59 PM [INFO]:  App started on process id:17540
6/14/2025 11:01:59 PM [INFO]:  Server is listening on port 3000
6/14/2025 11:09:11 PM [INFO]:  App started on process id:25064
6/14/2025 11:09:12 PM [INFO]:  Server is listening on port 3000
6/14/2025 11:11:24 PM [INFO]:  App started on process id:11440
6/14/2025 11:11:25 PM [INFO]:  Server is listening on port 3000
6/14/2025 11:13:49 PM [INFO]:  App started on process id:23716
6/14/2025 11:13:50 PM [INFO]:  Server is listening on port 3000
6/14/2025 11:14:06 PM [INFO]:  App started on process id:11768
6/14/2025 11:14:06 PM [INFO]:  Server is listening on port 3000
6/14/2025 11:14:42 PM [INFO]:  App started on process id:25816
6/14/2025 11:14:43 PM [INFO]:  Server is listening on port 3000
6/14/2025 11:15:23 PM [INFO]:  App started on process id:23468
6/14/2025 11:15:23 PM [INFO]:  Server is listening on port 3000
6/14/2025 11:15:50 PM [INFO]:  App started on process id:15504
6/14/2025 11:15:51 PM [INFO]:  Server is listening on port 3000
6/14/2025 11:16:00 PM [INFO]:  App started on process id:15332
6/14/2025 11:16:01 PM [INFO]:  Server is listening on port 3000
6/14/2025 11:16:27 PM [INFO]:  App started on process id:18832
6/14/2025 11:16:28 PM [INFO]:  Server is listening on port 3000
6/14/2025 11:16:36 PM [INFO]:  App started on process id:11944
6/14/2025 11:16:36 PM [INFO]:  Server is listening on port 3000
6/14/2025 11:17:16 PM [INFO]:  App started on process id:15840
6/14/2025 11:17:16 PM [INFO]:  Server is listening on port 3000
6/14/2025 11:17:25 PM [INFO]:  App started on process id:25840
6/14/2025 11:17:25 PM [INFO]:  Server is listening on port 3000
6/14/2025 11:17:34 PM [INFO]:  App started on process id:16544
6/14/2025 11:17:35 PM [INFO]:  Server is listening on port 3000
6/14/2025 11:19:30 PM [INFO]:  App started on process id:11800
6/14/2025 11:19:31 PM [INFO]:  Server is listening on port 3000
6/15/2025 7:01:21 AM [INFO]:  App started on process id:6560
6/15/2025 7:01:22 AM [INFO]:  Server is listening on port 3000
6/15/2025 7:03:27 AM [INFO]:  App started on process id:3264
6/15/2025 7:03:27 AM [INFO]:  Server is listening on port 3000
6/15/2025 7:07:33 AM [INFO]:  App started on process id:13352
6/15/2025 7:07:34 AM [INFO]:  Server is listening on port 3000
6/15/2025 7:08:05 AM [INFO]:  App started on process id:10912
6/15/2025 7:08:05 AM [INFO]:  Server is listening on port 3000
6/15/2025 7:08:10 AM [INFO]:  App started on process id:15264
6/15/2025 7:08:11 AM [INFO]:  Server is listening on port 3000
6/15/2025 7:08:21 AM [INFO]:  App started on process id:24272
6/15/2025 7:08:22 AM [INFO]:  Server is listening on port 3000
6/15/2025 7:09:37 AM [INFO]:  App started on process id:2900
6/15/2025 7:09:37 AM [INFO]:  Server is listening on port 3000
6/15/2025 7:18:55 AM [INFO]:  App started on process id:16188
6/15/2025 7:18:56 AM [INFO]:  Server is listening on port 3000
6/15/2025 7:19:06 AM [INFO]:  App started on process id:20856
6/15/2025 7:19:07 AM [INFO]:  Server is listening on port 3000
6/15/2025 7:19:18 AM [INFO]:  App started on process id:17084
6/15/2025 7:19:19 AM [INFO]:  Server is listening on port 3000
6/15/2025 7:19:46 AM [INFO]:  App started on process id:23708
6/15/2025 7:19:47 AM [INFO]:  Server is listening on port 3000
6/15/2025 7:20:07 AM [INFO]:  App started on process id:25648
6/15/2025 7:20:08 AM [INFO]:  Server is listening on port 3000
6/15/2025 7:20:13 AM [INFO]:  App started on process id:3988
6/15/2025 7:20:14 AM [INFO]:  Server is listening on port 3000
6/15/2025 7:24:21 AM [INFO]:  App started on process id:26496
6/15/2025 7:24:22 AM [INFO]:  Server is listening on port 3000
6/15/2025 7:27:59 AM [INFO]:  App started on process id:18268
6/15/2025 7:27:59 AM [INFO]:  Server is listening on port 3000
6/15/2025 7:28:11 AM [INFO]:  App started on process id:22712
6/15/2025 7:28:12 AM [INFO]:  Server is listening on port 3000
6/15/2025 7:30:28 AM [INFO]:  App started on process id:16996
6/15/2025 7:30:29 AM [INFO]:  Server is listening on port 3000
6/15/2025 7:30:48 AM [INFO]:  App started on process id:5476
6/15/2025 7:30:49 AM [INFO]:  Server is listening on port 3000
6/15/2025 7:31:05 AM [INFO]:  App started on process id:15788
6/15/2025 7:31:06 AM [INFO]:  Server is listening on port 3000
6/15/2025 7:55:07 AM [INFO]:  App started on process id:12416
6/15/2025 7:55:08 AM [INFO]:  Server is listening on port 3000
6/15/2025 8:23:34 AM [INFO]:  App started on process id:12520
6/15/2025 8:23:35 AM [INFO]:  Server is listening on port 3000
6/15/2025 8:24:23 AM [INFO]:  App started on process id:20880
6/15/2025 8:24:24 AM [INFO]:  Server is listening on port 3000
6/15/2025 8:32:44 AM [INFO]:  App started on process id:17196
6/15/2025 8:32:44 AM [INFO]:  Server is listening on port 3000
6/15/2025 8:32:54 AM [INFO]:  App started on process id:4056
6/15/2025 8:32:54 AM [INFO]:  Server is listening on port 3000
6/16/2025 7:02:37 AM [INFO]:  App started on process id:18240
6/16/2025 7:02:38 AM [INFO]:  Server is listening on port 3000
6/16/2025 7:10:28 AM [INFO]:  App started on process id:10708
6/16/2025 7:10:29 AM [INFO]:  Server is listening on port 3000
6/16/2025 7:11:17 AM [INFO]:  App started on process id:8304
6/16/2025 7:11:18 AM [INFO]:  Server is listening on port 3000
6/16/2025 7:12:50 AM [INFO]:  App started on process id:20924
6/16/2025 7:12:50 AM [INFO]:  Server is listening on port 3000
6/16/2025 7:14:51 AM [INFO]:  App started on process id:2240
6/16/2025 7:14:52 AM [INFO]:  Server is listening on port 3000
6/16/2025 7:51:11 AM [INFO]:  App started on process id:14552
6/16/2025 7:51:11 AM [INFO]:  Server is listening on port 3000
6/16/2025 7:58:21 AM [INFO]:  App started on process id:9720
6/16/2025 7:58:21 AM [INFO]:  Server is listening on port 3000
6/16/2025 8:04:01 AM [INFO]:  App started on process id:24008
6/16/2025 8:04:01 AM [INFO]:  Server is listening on port 3000
6/16/2025 8:09:32 AM [INFO]:  App started on process id:4584
6/16/2025 8:09:32 AM [INFO]:  Server is listening on port 3000
6/17/2025 9:14:58 AM [INFO]:  App started on process id:21228
6/17/2025 9:14:59 AM [INFO]:  Server is listening on port 3000
6/17/2025 9:16:04 AM [INFO]:  App started on process id:14916
6/17/2025 9:16:05 AM [INFO]:  Server is listening on port 3000
6/17/2025 9:30:01 AM [INFO]:  App started on process id:20140
6/17/2025 9:30:01 AM [INFO]:  Server is listening on port 3000
6/18/2025 8:13:57 AM [INFO]:  App started on process id:23900
6/18/2025 8:13:58 AM [INFO]:  Server is listening on port 3000
6/18/2025 8:14:11 AM [INFO]:  SIGINT signal received: closing HTTP server
6/18/2025 8:14:11 AM [INFO]:  HTTP server closed
6/18/2025 8:14:11 AM [INFO]:  Sequelize connection closed
6/18/2025 8:30:44 AM [INFO]:  App started on process id:17336
6/18/2025 8:42:08 AM [INFO]:  App started on process id:20512
6/18/2025 8:52:27 AM [INFO]:  App started on process id:9968
6/18/2025 8:52:28 AM [INFO]:  Server is listening on port 3000
6/18/2025 8:52:40 AM [INFO]:  SIGINT signal received: closing HTTP server
6/18/2025 8:52:40 AM [INFO]:  HTTP server closed
6/18/2025 8:52:40 AM [INFO]:  Sequelize connection closed
6/18/2025 8:56:41 AM [INFO]:  App started on process id:22580
6/18/2025 8:56:42 AM [INFO]:  Server is listening on port 3000
